2026/04/20 14:19:59 gateway listening on :8090
2026/04/20 14:20:15 GET /app.js
2026/04/20 14:20:15 POST /api/v1/reports
2026/04/20 14:20:43 GET /
2026/04/20 14:20:43 GET /styles.css
2026/04/20 14:20:43 GET /app.js
2026/04/20 14:20:44 GET /api/v1/meta/schema
2026/04/20 14:20:44 GET /api/v1/reports
2026/04/20 14:20:45 GET /favicon.ico
2026/04/20 14:20:49 POST /api/v1/reports/3/run
2026/04/20 14:20:57 POST /api/v1/reports/2/run
2026/04/20 14:20:59 POST /api/v1/reports/3/run
2026/04/20 14:21:00 POST /api/v1/reports/1/run
2026/04/20 14:21:01 POST /api/v1/reports/3/run
2026/04/20 14:21:09 POST /api/v1/reports/2/run
2026/04/20 14:21:10 POST /api/v1/reports/1/run
2026/04/20 14:23:12 GET /
2026/04/20 14:23:12 GET /app.js
2026/04/20 14:23:12 GET /styles.css
2026/04/20 14:23:12 GET /api/v1/meta/schema
2026/04/20 14:23:12 GET /api/v1/reports
2026/04/20 14:23:47 POST /api/v1/query/parse
2026/04/20 14:23:49 POST /api/v1/query/run
2026/04/20 14:23:56 POST /api/v1/reports
2026/04/20 14:23:56 GET /api/v1/reports
2026/04/20 14:27:23 GET /reports.html
2026/04/20 14:27:23 GET /reports.js
2026/04/20 14:27:23 GET /
2026/04/20 14:27:37 GET /
2026/04/20 14:27:37 GET /styles.css
2026/04/20 14:27:37 GET /app.js
2026/04/20 14:27:38 GET /api/v1/meta/schema
2026/04/20 14:27:38 GET /api/v1/reports
2026/04/20 14:27:38 GET /favicon.ico
2026/04/20 14:29:40 GET /
2026/04/20 14:29:40 GET /styles.css
2026/04/20 14:29:40 GET /app.js
2026/04/20 14:29:40 GET /api/v1/meta/schema
2026/04/20 14:29:40 GET /api/v1/reports
2026/04/20 14:29:40 GET /favicon.ico
2026/04/20 14:29:42 GET /reports.html
2026/04/20 14:29:42 GET /reports.js
2026/04/20 14:29:42 GET /styles.css
2026/04/20 14:29:42 GET /api/v1/reports
2026/04/20 14:29:45 GET /styles.css
2026/04/20 14:29:45 GET /api/v1/meta/schema
2026/04/20 14:29:45 GET /api/v1/reports
2026/04/20 14:44:35 GET /
2026/04/20 14:44:35 GET /styles.css
2026/04/20 14:44:35 GET /app.js
2026/04/20 14:44:36 GET /api/v1/meta/schema
2026/04/20 14:44:36 GET /api/v1/reports
2026/04/20 14:44:36 GET /favicon.ico
2026/04/20 14:45:04 POST /api/v1/query/parse
2026/04/20 14:45:07 POST /api/v1/query/parse
2026/04/20 14:45:12 POST /api/v1/query/run
